<?xml version="1.0" encoding="UTF-8"?>
<testng-results ignored="0" total="1" passed="1" failed="0" skipped="0">
  <reporter-output>
  </reporter-output>
  <suite started-at="2025-05-13T09:17:46 IST" name="Suite" finished-at="2025-05-13T09:17:51 IST" duration-ms="5171">
    <groups>
    </groups>
    <test started-at="2025-05-13T09:17:46 IST" name="Test" finished-at="2025-05-13T09:17:51 IST" duration-ms="5171">
      <class name="Test.Validation">
        <test-method signature="Test1()[pri:0, instance:Test.Validation@3c9d0b9d]" started-at="2025-05-13T09:17:46 IST" name="Test1" finished-at="2025-05-13T09:17:51 IST" duration-ms="5130" status="PASS">
          <reporter-output>
          </reporter-output>
        </test-method> <!-- Test1 -->
      </class> <!-- Test.Validation -->
    </test> <!-- Test -->
  </suite> <!-- Suite -->
</testng-results>
