<?xml version="1.0" encoding="UTF-8"?>
<testng-results ignored="0" total="1" passed="1" failed="0" skipped="0">
  <reporter-output>
  </reporter-output>
  <suite started-at="2025-05-13T18:57:46 IST" name="Suite" finished-at="2025-05-13T18:57:54 IST" duration-ms="7358">
    <groups>
    </groups>
    <test started-at="2025-05-13T18:57:46 IST" name="Test" finished-at="2025-05-13T18:57:54 IST" duration-ms="7358">
      <class name="Test.Validation">
        <test-method signature="Test1()[pri:0, instance:Test.Validation@7a52f2a2]" started-at="2025-05-13T18:57:46 IST" name="Test1" finished-at="2025-05-13T18:57:54 IST" duration-ms="7318" status="PASS">
          <reporter-output>
          </reporter-output>
        </test-method> <!-- Test1 -->
      </class> <!-- Test.Validation -->
    </test> <!-- Test -->
  </suite> <!-- Suite -->
</testng-results>
