<?xml version="1.0" encoding="UTF-8"?>
<testng-results ignored="0" total="1" passed="1" failed="0" skipped="0">
  <reporter-output>
  </reporter-output>
  <suite started-at="2025-05-13T09:16:28 IST" name="Default suite" finished-at="2025-05-13T09:16:36 IST" duration-ms="7669">
    <groups>
    </groups>
    <test started-at="2025-05-13T09:16:28 IST" name="Default test" finished-at="2025-05-13T09:16:36 IST" duration-ms="7669">
      <class name="Test.Validation">
        <test-method signature="Test1()[pri:0, instance:Test.Validation@1623b78d]" started-at="2025-05-13T09:16:28 IST" name="Test1" finished-at="2025-05-13T09:16:36 IST" duration-ms="7617" status="PASS">
          <reporter-output>
          </reporter-output>
        </test-method> <!-- Test1 -->
      </class> <!-- Test.Validation -->
    </test> <!-- Default test -->
  </suite> <!-- Default suite -->
</testng-results>
